现在开始监听。。。
现在开始监听。。。
现在开始监听。。。
现在开始监听。。。
现在开始监听。。。
现在开始监听。。。
现在开始监听,2022-05-07 13:52:45
现在开始监听, 2022-05-07 13:55:30
现在开始监听, 2022-05-07 13:56:40
现在开始监听, 2022-05-07 13:58:22
现在开始监听, 2022-05-07 13:59:54
现在开始监听, 2022-05-07 14:01:09
现在开始监听, 2022-05-07 14:02:34
现在开始监听, 2022-05-07 14:03:20
现在开始监听, 2022-05-07 14:05:44
Error


现在开始监听, 2022-05-07 14:11:42
Error


现在开始监听, 2022-05-07 14:15:02
Error


现在开始监听, 2022-05-07 14:25:01
Error


现在开始监听, 2022-05-07 14:25:16
user already exists


现在开始监听, 2022-05-07 14:29:02
Error


user already exists
现在开始监听, 2022-05-07 14:42:37
Error


user already exists
user already exists
现在开始监听, 2022-05-07 14:45:19
现在开始监听, 2022-05-07 14:47:52
Error


user already exists
现在开始监听, 2022-05-07 15:03:12
Error


user already exists
现在开始监听, 2022-05-07 15:05:40
Error


现在开始监听, 2022-05-07 15:06:36
Error


user already exists
现在开始监听, 2022-05-07 15:08:05
Error


user already exists
现在开始监听, 2022-05-07 15:12:09
Error


user already exists
现在开始监听, 2022-05-07 15:30:10
Error


user already exists
现在开始监听, 2022-05-07 15:32:15
Error


user already exists
user already exists
user already exists
user already exists
user already exists
user already exists
user already exists
user already exists
user already exists
user already exists
user already exists
user already exists

user already exists
user already exists
user already exists
succeed in registration
succeed in registration
user already exists
succeed in registration
Error
用户不存在
密码错误
密码错误
密码错误
Login success
succeed in registration
密码错误
Login success
密码错误
Error
Login success
Login success
Login success
Login success
Login success
['aaa', 'aaaa', 'abc']
用户不存在
Login success
['aaa', 'aaaa', 'abc']
Login success
['aaa', 'aaaa', 'abc']
Login success
['aaa', 'aaaa', 'abc']
Login success
['aaa', 'aaaa', 'abc']
Login success
['aaa', 'aaaa', 'abc']
Login success
['aaa', 'aaaa', 'abc']
Login success
['aaa', 'aaaa', 'abc', '副董事长', '发生在的', '深度分析', '的撒啊啊是', '第三方v']
Login success
['aaa', 'aaaa', 'abc']
Login success
['aaa', 'aaaa', 'abc']
['aaa', 'aaaa', 'abc', '副董事长', '发生在的', '深度分析', '的撒啊啊是', '第三方v']
['aaa', 'aaaa', 'abc']
Login success
['aaa', 'aaaa', 'abc']
Login success
['aaa', 'aaaa', 'abc']
email sent
Verification Code mismatch
email sent
Verification Code mismatch
Verification Code mismatch
email sent
Verification Code mismatch
email sent
Verification Code mismatch
email sent
Verification Code mismatch
email sent
Login success
Login success
['aaa', 'aaaa', 'abc']
Login success
['aaa', 'aaaa', 'abc']
Login success
['aaa', 'aaaa', 'abc']
Login success
['aaa', 'aaaa', 'abc']
Login success
['aaa', 'aaaa', 'abc']
Login success
['aaa', 'aaaa', 'abc']
Waitinig for reply from another user
Login success
Login success
Login success
Login success
Login success
Login success
Login success
Login success
Login success
Login success
Login success
Group created successfully
Login success
现在开始监听, 2022-05-07 19:27:11
Error


Login success
['yyyy']
Waitinig for reply from another user
现在开始监听, 2022-05-07 19:30:35
Error


Login success
['yyyy']
Waitinig for reply from another user
Waitinig for reply from another user
现在开始监听, 2022-05-07 19:34:22
Error


Login success
现在开始监听, 2022-05-07 19:36:49
Error


Login success
['yyyy']
Waitinig for reply from another user
现在开始监听, 2022-05-07 19:41:03
Error


Login success
['yyyy']
Waitinig for reply from another user
现在开始监听, 2022-05-07 19:43:23
Error


Login success
['aaa', 'aaaa', 'abc', 'yyyy', '副董事长', '发生在的', '深度分析', '的撒啊啊是', '第三方v']
Waitinig for reply from another user
['yyyy']
Waitinig for reply from another user
现在开始监听, 2022-05-07 19:47:01
Error


Login success
['yyyy']
Waitinig for reply from another user
现在开始监听, 2022-05-07 19:49:00
Error


Login success
['yyyy']
Waitinig for reply from another user
现在开始监听, 2022-05-07 19:50:12
Error


Login success
['yyyy']
Waitinig for reply from another user
现在开始监听, 2022-05-07 19:51:39
Error


Login success
['yyyy']
Waitinig for reply from another user
现在开始监听, 2022-05-07 19:54:12
Error


Login success
现在开始监听, 2022-05-07 19:56:49
Error


Login success
现在开始监听, 2022-05-07 19:57:54
Error


Login success
现在开始监听, 2022-05-07 19:59:11
Error


Login success
现在开始监听, 2022-05-07 20:01:09
Error


现在开始监听, 2022-05-07 20:02:58
Error


Login success
['yyyy']
现在开始监听, 2022-05-07 20:07:57
Error


Login success
['yyyy']
Waitinig for reply from another user
现在开始监听, 2022-05-07 20:09:55
Error


Login success
['yyyy']
现在开始监听, 2022-05-07 20:13:05
Error


Login success
['yyyy']
Waitinig for reply from another user
Waitinig for reply from another user
现在开始监听, 2022-05-07 20:28:50
Login success
现在开始监听, 2022-05-07 20:30:10
Login success
现在开始监听, 2022-05-07 20:30:58
Login success
现在开始监听, 2022-05-07 20:31:23
Login success
现在开始监听, 2022-05-07 20:31:39
Login success
现在开始监听, 2022-05-07 20:33:18
Login success
['yyyy']
Waitinig for reply from another user
['yyyy']
Waitinig for reply from another user
现在开始监听, 2022-05-07 20:37:41
Error


现在开始监听, 2022-05-07 20:37:52
现在开始监听, 2022-05-07 20:38:25
现在开始监听, 2022-05-07 20:41:19
现在开始监听, 2022-05-07 20:42:03
现在开始监听, 2022-05-07 20:42:59
{'Attributes': 'Error'}


现在开始监听, 2022-05-07 20:44:44
{'Attributes': 'Error'}


现在开始监听, 2022-05-07 20:45:00
{'Attributes': 'Error'}


Login success
['yyyy']
Waitinig for reply from another user
现在开始监听, 2022-05-07 20:52:37
{'Attributes': 'Error'}


Login success
{"Attributes": "add_friend", "time": "2022-05-07 20:52:50", "userId": "yyyy", "add_Id": "abc"}


['yyyy']
Waitinig for reply from another user
现在开始监听, 2022-05-07 20:55:07
{'Attributes': 'Error'}


Login success
现在开始监听, 2022-05-07 20:57:30
{'Attributes': 'Error'}


Login success
现在开始监听, 2022-05-07 20:59:29
{'Attributes': 'Error'}


Login success
现在开始监听, 2022-05-07 20:59:55
{'Attributes': 'Error'}


Login success
现在开始监听, 2022-05-07 21:02:28
{'Attributes': 'Error'}


Login success
现在开始监听, 2022-05-07 21:03:32
{'Attributes': 'Error'}


Login success
现在开始监听, 2022-05-07 21:08:44
{'Attributes': 'Error'}


Login success
现在开始监听, 2022-05-07 21:09:15
{'Attributes': 'Error'}


Login success
现在开始监听, 2022-05-07 21:18:11
{'Attributes': 'Error'}


现在开始监听, 2022-05-07 21:18:35
{'Attributes': 'Error'}


Login success
现在开始监听, 2022-05-07 21:19:22
{'Attributes': 'Error'}


Login success
现在开始监听, 2022-05-07 21:19:43
{'Attributes': 'Error'}


Login success
现在开始监听, 2022-05-07 21:21:10
{'Attributes': 'Error'}


Login success
现在开始监听, 2022-05-07 21:24:49
{'Attributes': 'Error'}


Login success
现在开始监听, 2022-05-07 21:25:25
{'Attributes': 'Error'}


Login success
现在开始监听, 2022-05-07 21:29:30
{'Attributes': 'Error'}


Login success
现在开始监听, 2022-05-07 21:35:29
{'Attributes': 'Error'}


Login success
现在开始监听, 2022-05-07 21:37:15
{'Attributes': 'Error'}


Login success
现在开始监听, 2022-05-07 21:38:01
{'Attributes': 'Error'}


Login success
friend application accepted
friend application rejected
现在开始监听, 2022-05-07 21:47:40
{'Attributes': 'Error'}


Login success
friend application accepted
现在开始监听, 2022-05-07 21:49:54
{'Attributes': 'Error'}


现在开始监听, 2022-05-07 21:50:07
{'Attributes': 'Error'}


Login success
friend application accepted
现在开始监听, 2022-05-07 21:51:34
{'Attributes': 'Error'}


Login success
现在开始监听, 2022-05-07 21:51:52
{'Attributes': 'Error'}


Login success
friend application accepted
现在开始监听, 2022-05-07 21:58:05
{'Attributes': 'Error'}


Login success
friend application accepted
现在开始监听, 2022-05-07 22:00:26
{'Attributes': 'Error'}


Login success
friend application accepted
friend application rejected
现在开始监听, 2022-05-07 22:04:54
{'Attributes': 'Error'}


Login success
friend application accepted
现在开始监听, 2022-05-07 22:05:45
{'Attributes': 'Error'}


Login success
friend application accepted
现在开始监听, 2022-05-07 22:07:31
{'Attributes': 'Error'}


现在开始监听, 2022-05-07 22:07:39
{'Attributes': 'Error'}


Login success
friend application accepted
现在开始监听, 2022-05-07 22:14:45
{'Attributes': 'Error'}


Login success
friend application accepted
现在开始监听, 2022-05-07 22:23:11
{'Attributes': 'Error'}


Login success
friendreply yyyy application accepted
现在开始监听, 2022-05-07 22:29:23
{'Attributes': 'Error'}


Login success
现在开始监听, 2022-05-07 22:30:14
{'Attributes': 'Error'}


Login success
现在开始监听, 2022-05-07 22:32:09
{'Attributes': 'Error'}


Login success
{"Attributes": "add_friend", "time": "2022-05-07 22:32:29", "userId": "yyyy", "add_Id": "abc"}


friendreply yyyy application accepted
现在开始监听, 2022-05-07 22:45:58
{'Attributes': 'Error'}


Login success
{"Attributes": "add_friend", "time": "2022-05-07 22:46:20", "userId": "yyyy", "add_Id": "abc"}


现在开始监听, 2022-05-07 22:48:22
{'Attributes': 'Error'}


Login success
{"Attributes": "add_friend", "time": "2022-05-07 22:48:39", "userId": "yyyy", "add_Id": "abc"}


friendreply yyyy application accepted
现在开始监听, 2022-05-07 22:51:18
{'Attributes': 'Error'}


Login success
{"Attributes": "add_friend", "time": "2022-05-07 22:52:11", "userId": "yyyy", "add_Id": "abc"}


现在开始监听, 2022-05-07 22:53:40
{'Attributes': 'Error'}


Login success
{"Attributes": "add_friend", "time": "2022-05-07 22:53:58", "userId": "yyyy", "add_Id": "abc"}


friendreply yyyy application accepted
现在开始监听, 2022-05-07 22:59:04
{'Attributes': 'Error'}


Login success
{"Attributes": "add_friend", "time": "2022-05-07 22:59:17", "userId": "yyyy", "add_Id": "abc"}


friendreply yyyy application accepted
现在开始监听, 2022-05-07 23:00:36
{'Attributes': 'Error'}


Login success
{"Attributes": "add_friend", "time": "2022-05-07 23:00:55", "userId": "yyyy", "add_Id": "abc"}


friendreply yyyy application accepted
现在开始监听, 2022-05-07 23:21:54
{'Attributes': 'Error'}


Login success
现在开始监听, 2022-05-07 23:24:13
{'Attributes': 'Error'}


Login success
现在开始监听, 2022-05-07 23:26:25
{'Attributes': 'Error'}


Login success
private message sent
现在开始监听, 2022-05-07 23:28:02
{'Attributes': 'Error'}


Login success
private message sent
现在开始监听, 2022-05-07 23:30:18
{'Attributes': 'Error'}


Login success
private message sent
现在开始监听, 2022-05-07 23:31:47
{'Attributes': 'Error'}


Login success
private message sent
现在开始监听, 2022-05-07 23:35:21
{'Attributes': 'Error'}


Login success
private message sent
private message sent
private message sent
现在开始监听, 2022-05-07 23:39:04
{'Attributes': 'Error'}


Login success
private message sent
现在开始监听, 2022-05-07 23:40:28
{'Attributes': 'Error'}


Login success
private message sent
private message sent
现在开始监听, 2022-05-07 23:42:34
{'Attributes': 'Error'}


Login success
{"Attributes": "message", "time": "2022-05-07 23:42:50", "userId": "yyyy", "friend": "abc", "mes_attrib": "person", "mes_content": "aaaaa"}


private message sent
现在开始监听, 2022-05-07 23:48:26
{'Attributes': 'Error'}


Login success
private message sent
{"Attributes": "message", "time": "2022-05-07 23:49:00", "userId": "yyyy", "friend": "abc", "mes_attrib": "person", "mes_content": "111111"}


现在开始监听, 2022-05-07 23:50:45
{'Attributes': 'Error'}


Login success
private message sent
现在开始监听, 2022-05-07 23:55:57
{'Attributes': 'Error'}


Login success
private message sent
private message sent
{"Attributes": "message", "time": "2022-05-07 23:56:43", "userId": "yyyy", "friend": "abc", "mes_attrib": "person", "mes_content": "nnnnnnnnnnn"}


private message sent
现在开始监听, 2022-05-08 00:07:22
{'Attributes': 'Error'}


Login success
现在开始监听, 2022-05-08 00:09:11
{'Attributes': 'Error'}


Login success
现在开始监听, 2022-05-08 00:09:47
{'Attributes': 'Error'}


Login success
现在开始监听, 2022-05-08 00:20:50
{'Attributes': 'Error'}


Login success
现在开始监听, 2022-05-08 00:23:08
{'Attributes': 'Error'}


Login success
现在开始监听, 2022-05-08 00:28:11
{'Attributes': 'Error'}


Login success
现在开始监听, 2022-05-08 00:28:34
{'Attributes': 'Error'}


Login success
现在开始监听, 2022-05-08 00:30:27
{'Attributes': 'Error'}


Login success
现在开始监听, 2022-05-08 00:32:15
{'Attributes': 'Error'}


Login success
现在开始监听, 2022-05-08 00:33:11
{'Attributes': 'Error'}


Login success
现在开始监听, 2022-05-08 00:33:55
{'Attributes': 'Error'}


Login success
现在开始监听, 2022-05-08 00:37:40
{'Attributes': 'Error'}


Login success
现在开始监听, 2022-05-08 00:38:10
{'Attributes': 'Error'}


Login success
private message sent
现在开始监听, 2022-05-08 00:48:15
{'Attributes': 'Error'}


Login success
现在开始监听, 2022-05-08 00:50:18
{'Attributes': 'Error'}


现在开始监听, 2022-05-08 00:50:42
{'Attributes': 'Error'}


Login success
private message sent
现在开始监听, 2022-05-08 00:51:51
{'Attributes': 'Error'}


Login success
private message sent
现在开始监听, 2022-05-08 00:53:07
{'Attributes': 'Error'}


Login success
private message sent
现在开始监听, 2022-05-08 00:55:08
{'Attributes': 'Error'}


现在开始监听, 2022-05-08 00:55:48
{'Attributes': 'Error'}


现在开始监听, 2022-05-08 00:56:12
{'Attributes': 'Error'}


Login success
private message sent
private message sent
现在开始监听, 2022-05-08 00:56:52
{'Attributes': 'Error'}


Login success
private message sent
现在开始监听, 2022-05-08 00:58:24
{'Attributes': 'Error'}


Login success
{"Attributes": "message", "time": "2022-05-08 00:58:43", "userId": "yyyy", "friend": "abc", "mes_attrib": "person", "mes_content": "lll"}


private message sent
private message sent
{"Attributes": "message", "time": "2022-05-08 00:59:04", "userId": "yyyy", "friend": "abc", "mes_attrib": "person", "mes_content": "lop"}


{"Attributes": "message", "time": "2022-05-08 00:59:05", "userId": "yyyy", "friend": "abc", "mes_attrib": "person", "mes_content": ""}


private message sent
{"Attributes": "message", "time": "2022-05-08 00:59:21", "userId": "yyyy", "friend": "abc", "mes_attrib": "person", "mes_content": "iuy"}


private message sent
现在开始监听, 2022-05-08 01:00:00
{'Attributes': 'Error'}


Login success
现在开始监听, 2022-05-08 01:01:35
{'Attributes': 'Error'}


Login success
现在开始监听, 2022-05-08 01:02:29
{'Attributes': 'Error'}


Login success
{"Attributes": "add_friend", "time": "2022-05-08 01:02:51", "userId": "xxxx", "add_Id": "abc"}


friendreply xxxx application accepted
现在开始监听, 2022-05-08 01:04:23
{'Attributes': 'Error'}


Login success
现在开始监听, 2022-05-08 01:07:05
{'Attributes': 'Error'}


Login success
现在开始监听, 2022-05-08 01:08:19
{'Attributes': 'Error'}


Login success
现在开始监听, 2022-05-08 01:08:41
{'Attributes': 'Error'}


Login success
现在开始监听, 2022-05-08 01:09:59
{'Attributes': 'Error'}


Login success
Group created successfully
现在开始监听, 2022-05-08 01:14:28
{'Attributes': 'Error'}


Login success
现在开始监听, 2022-05-08 01:16:09
{'Attributes': 'Error'}


Login success
现在开始监听, 2022-05-08 01:17:27
{'Attributes': 'Error'}


Login success
现在开始监听, 2022-05-08 01:22:34
现在开始监听, 2022-05-08 01:22:58
{'Attributes': 'Error'}


Login success
现在开始监听, 2022-05-08 01:26:47
{'Attributes': 'Error'}


Login success
现在开始监听, 2022-05-08 01:28:13
{'Attributes': 'Error'}


Login success
现在开始监听, 2022-05-08 01:29:12
{'Attributes': 'Error'}


Login success
现在开始监听, 2022-05-08 01:30:44
{'Attributes': 'Error'}


Login success
现在开始监听, 2022-05-08 01:33:02
{'Attributes': 'Error'}


Login success
现在开始监听, 2022-05-08 01:35:02
{'Attributes': 'Error'}


Login success
现在开始监听, 2022-05-08 01:37:09
{'Attributes': 'Error'}


Login success
现在开始监听, 2022-05-08 01:37:48
{'Attributes': 'Error'}


Login success
现在开始监听, 2022-05-08 01:41:56
{'Attributes': 'Error'}


Login success
群名已存在
现在开始监听, 2022-05-08 01:43:48
现在开始监听, 2022-05-08 01:44:07
{'Attributes': 'Error'}


Login success
群名已存在
现在开始监听, 2022-05-08 01:46:58
{'Attributes': 'Error'}


Login success
Group created successfully
private message sent
{"Attributes": "message", "time": "2022-05-08 01:48:09", "userId": "abc", "friend": "abc", "mes_attrib": "person", "mes_content": "aaa"}


private message sent
{"Attributes": "message", "time": "2022-05-08 01:48:24", "userId": "abc", "friend": "abc", "mes_attrib": "person", "mes_content": "aaa"}


private message sent
现在开始监听, 2022-05-08 01:57:45
{'Attributes': 'Error'}


Login success
现在开始监听, 2022-05-08 01:59:59
{'Attributes': 'Error'}


现在开始监听, 2022-05-08 02:02:06
{'Attributes': 'Error'}


Login success
现在开始监听, 2022-05-08 02:04:09
{'Attributes': 'Error'}


Login success
group message sent
{"Attributes": "message", "time": "2022-05-08 02:04:32", "userId": "abc", "friend": "yyyyxx", "mes_attrib": "people", "mes_content": "123"}


现在开始监听, 2022-05-08 02:05:30
{'Attributes': 'Error'}


Login success
private message sent
{"Attributes": "message", "time": "2022-05-08 02:05:48", "userId": "abc", "friend": "yyyyxx", "mes_attrib": "people", "mes_content": "aaaaaaa"}


现在开始监听, 2022-05-08 02:11:54
{'Attributes': 'Error'}


Login success
现在开始监听, 2022-05-08 02:12:54
现在开始监听, 2022-05-08 02:13:45
{'Attributes': 'Error'}


Login success
private message sent
private message sent
private message sent
private message sent
private message sent
private message sent
private message sent
现在开始监听, 2022-05-08 11:26:15
{'Attributes': 'Error'}


Login success
现在开始监听, 2022-05-08 11:56:15
{'Attributes': 'Error'}


现在开始监听, 2022-05-08 11:57:18
{'Attributes': 'Error'}


Login success
Group created successfully
现在开始监听, 2022-05-08 11:59:29
{'Attributes': 'Error'}


Login success
现在开始监听, 2022-05-08 12:00:52
{'Attributes': 'Error'}


Login success
群名已存在
现在开始监听, 2022-05-08 12:02:52
{'Attributes': 'Error'}


Login success
Group created successfully
现在开始监听, 2022-05-08 12:06:50
{'Attributes': 'Error'}


现在开始监听, 2022-05-08 12:07:10
{'Attributes': 'Error'}


Login success
Group created successfully
现在开始监听, 2022-05-08 12:21:22
{'Attributes': 'Error'}


Login success
现在开始监听, 2022-05-08 12:22:27
{'Attributes': 'Error'}


Login success
Group created successfully
现在开始监听, 2022-05-08 12:26:14
{'Attributes': 'Error'}


现在开始监听, 2022-05-08 12:26:59
{'Attributes': 'Error'}


Login success
Group created successfully
现在开始监听, 2022-05-08 12:35:15
{'Attributes': 'Error'}


Login success
{"Attributes": "add_friend", "time": "2022-05-08 12:35:29", "userId": "a", "add_Id": "abc"}


friendreply abc application accepted
friendreply abc application accepted


现在开始监听, 2022-05-08 12:36:55
{'Attributes': 'Error'}


Login success
现在开始监听, 2022-05-08 12:45:07
{'Attributes': 'Error'}


Login success
现在开始监听, 2022-05-08 12:47:13
{'Attributes': 'Error'}


Login success
{"Attributes": "add_friend", "time": "2022-05-08 12:47:28", "userId": "yyyy", "add_Id": "abc"}


friendreply abc application accepted
friendreply abc application accepted


{"Attributes": "add_friend", "time": "2022-05-08 12:48:38", "userId": "yyyy", "add_Id": "abc"}


friendreply abc application accepted
friendreply abc application accepted


现在开始监听, 2022-05-08 12:52:54
{'Attributes': 'Error'}


Login success
现在开始监听, 2022-05-08 12:54:58
{'Attributes': 'Error'}


Login success
{"Attributes": "add_friend", "time": "2022-05-08 12:55:23", "userId": "yyyy", "add_Id": "abc"}


friendreply yyyy application accepted
{"Attributes": "create_group", "time": "2022-05-08 12:55:54", "group_name": "abc", "userId": "yyyy", "members": ["abc"]}


现在开始监听, 2022-05-08 12:56:19
{'Attributes': 'Error'}


Login success
现在开始监听, 2022-05-08 13:02:51
{'Attributes': 'Error'}


Login success
{"Attributes": "message", "time": "2022-05-08 13:03:16", "userId": "yyyy", "friend": "abc", "mes_attrib": "people", "mes_content": "ddddddd"}


private message sent
{"Attributes": "message", "time": "2022-05-08 13:03:33", "userId": "abc", "friend": "abc", "mes_attrib": "people", "mes_content": "aaaaaa"}


现在开始监听, 2022-05-08 13:24:42
{'Attributes': 'Error'}


Login success
现在开始监听, 2022-05-08 13:26:45
{'Attributes': 'Error'}


succeed in registration
Login success
email sent
Login success
现在开始监听, 2022-05-08 13:39:40
{'Attributes': 'Error'}


Login success
['a', 'aaa', 'aaaa', 'abc']
Waitinig for reply from another user
现在开始监听, 2022-05-08 13:41:38
{'Attributes': 'Error'}


Login success
['a', 'aaa', 'aaaa', 'abc']
Waitinig for reply from another user
现在开始监听, 2022-05-08 13:43:43
{'Attributes': 'Error'}


Login success
['a', 'aaa', 'aaaa', 'abc']
Waitinig for reply from another user
现在开始监听, 2022-05-08 13:46:49
{'Attributes': 'Error'}


密码错误
Login success
现在开始监听, 2022-05-08 13:49:18
{'Attributes': 'Error'}


Login success
{"Attributes": "add_friend", "time": "2022-05-08 13:49:42", "userId": "a", "add_Id": "\u65b0\u7684\u7528\u6237"}


friendreply a application accepted
现在开始监听, 2022-05-08 13:52:34
现在开始监听, 2022-05-08 13:52:57
{'Attributes': 'Error'}


Login success
现在开始监听, 2022-05-08 13:54:22
{'Attributes': 'Error'}


Login success
{"Attributes": "add_friend", "time": "2022-05-08 13:54:38", "userId": "a", "add_Id": "\u65b0\u7684\u7528\u6237"}


friendreply a application accepted
现在开始监听, 2022-05-08 13:55:57
{'Attributes': 'Error'}


Login success
{"Attributes": "message", "time": "2022-05-08 13:56:26", "userId": "a", "friend": "\u65b0\u7684\u7528\u6237", "mes_attrib": "person", "mes_content": "hello"}


private message sent
{"Attributes": "message", "time": "2022-05-08 13:56:53", "userId": "a", "friend": "\u65b0\u7684\u7528\u6237", "mes_attrib": "person", "mes_content": "\u65b0\u7684\u7528\u6237\u4f60\u597d"}


private message sent
{"Attributes": "message", "time": "2022-05-08 13:58:42", "userId": "a", "friend": "\u65b0\u7684\u7528\u6237", "mes_attrib": "person", "mes_content": "\u554a\u98d2\u98d2\u7684"}


Group created successfully
private message sent
现在开始监听, 2022-05-08 14:03:43
{'Attributes': 'Error'}


Login success
群名已存在
现在开始监听, 2022-05-08 14:06:25
{'Attributes': 'Error'}


现在开始监听, 2022-05-08 14:07:21
{'Attributes': 'Error'}


Login success
Group created successfully
现在开始监听, 2022-05-08 14:10:02
{'Attributes': 'Error'}


Login success
{"Attributes": "message", "time": "2022-05-08 14:10:34", "userId": "a", "friend": "\u65b0\u7684\u7528\u6237a", "mes_attrib": "people", "mes_content": "hello group"}


{"Attributes": "message", "time": "2022-05-08 14:10:55", "userId": "\u65b0\u7684\u7528\u6237", "friend": "\u65b0\u7684\u7528\u6237a", "mes_attrib": "people", "mes_content": "\u4f60\u597d"}


private message sent
{"Attributes": "message", "time": "2022-05-08 14:11:08", "userId": "a", "friend": "\u65b0\u7684\u7528\u6237a", "mes_attrib": "people", "mes_content": "\u54c7\u54c7\u54c7"}


private message sent
{"Attributes": "message", "time": "2022-05-08 14:11:36", "userId": "\u65b0\u7684\u7528\u6237", "friend": "\u65b0\u7684\u7528\u6237a", "mes_attrib": "people", "mes_content": "\u55e1\u55e1\u55e1"}


现在开始监听, 2022-05-08 14:17:11
{'Attributes': 'Error'}


Login success
{"Attributes": "message", "time": "2022-05-08 14:17:37", "userId": "a", "friend": "\u65b0\u7684\u7528\u6237a", "mes_attrib": "people", "mes_content": "hello group"}


private message sent
{"Attributes": "message", "time": "2022-05-08 14:17:57", "userId": "\u65b0\u7684\u7528\u6237", "friend": "\u65b0\u7684\u7528\u6237a", "mes_attrib": "people", "mes_content": "\u662fA"}


{"Attributes": "message", "time": "2022-05-08 14:18:31", "userId": "a", "friend": "\u65b0\u7684\u7528\u6237a", "mes_attrib": "people", "mes_content": "\u554a\u554a\u554a"}


private message sent
{"Attributes": "message", "time": "2022-05-08 14:18:39", "userId": "\u65b0\u7684\u7528\u6237", "friend": "\u65b0\u7684\u7528\u6237a", "mes_attrib": "people", "mes_content": "ZSFDF"}


private message sent
{"Attributes": "message", "time": "2022-05-08 14:18:45", "userId": "\u65b0\u7684\u7528\u6237", "friend": "\u65b0\u7684\u7528\u6237a", "mes_attrib": "people", "mes_content": "SFCDX"}


private message sent
{"Attributes": "message", "time": "2022-05-08 14:18:49", "userId": "\u65b0\u7684\u7528\u6237", "friend": "\u65b0\u7684\u7528\u6237a", "mes_attrib": "people", "mes_content": "FFEF"}


private message sent
{"Attributes": "message", "time": "2022-05-08 14:18:58", "userId": "\u65b0\u7684\u7528\u6237", "friend": "\u65b0\u7684\u7528\u6237a", "mes_attrib": "people", "mes_content": "GSRDGVDS"}


{"Attributes": "message", "time": "2022-05-08 14:19:07", "userId": "a", "friend": "\u65b0\u7684\u7528\u6237a", "mes_attrib": "people", "mes_content": "vvvv"}


private message sent
{"Attributes": "message", "time": "2022-05-08 14:19:08", "userId": "\u65b0\u7684\u7528\u6237", "friend": "\u65b0\u7684\u7528\u6237a", "mes_attrib": "people", "mes_content": "fsd"}


现在开始监听, 2022-05-08 14:20:35
{'Attributes': 'Error'}


Login success
private message sent
现在开始监听, 2022-05-08 14:25:13
{'Attributes': 'Error'}


Login success
现在开始监听, 2022-05-08 14:26:14
{'Attributes': 'Error'}


Login success
现在开始监听, 2022-05-08 14:27:17
{'Attributes': 'Error'}


Login success
现在开始监听, 2022-05-08 14:28:07
{'Attributes': 'Error'}


Login success
{"Attributes": "message", "time": "2022-05-08 14:28:23", "userId": "a", "friend": "\u65b0\u7684\u7528\u6237a", "mes_attrib": "people", "mes_content": "group hello"}


private message sent
{"Attributes": "message", "time": "2022-05-08 14:28:47", "userId": "a", "friend": "\u65b0\u7684\u7528\u6237a", "mes_attrib": "people", "mes_content": "\u4f60\u597d"}


private message sent
private message sent
现在开始监听, 2022-05-08 14:32:43
{'Attributes': 'Error'}


Login success
现在开始监听, 2022-05-08 14:35:08
{'Attributes': 'Error'}


Login success
现在开始监听, 2022-05-08 14:37:25
{'Attributes': 'Error'}


Login success
现在开始监听, 2022-05-08 14:38:13
{'Attributes': 'Error'}


Login success
现在开始监听, 2022-05-08 14:47:31
{'Attributes': 'Error'}


Login success
现在开始监听, 2022-05-08 14:48:25
{'Attributes': 'Error'}


Login success
{"Attributes": "add_friend", "time": "2022-05-08 14:48:37", "userId": "\u5f20\u4e09", "add_Id": "\u65b0\u7684\u7528\u6237"}


friendreply 张三 application accepted
Group created successfully
群名已存在
Group created successfully
现在开始监听, 2022-05-08 14:56:56
{'Attributes': 'Error'}


Login success
Group created successfully
现在开始监听, 2022-05-08 14:59:39
{'Attributes': 'Error'}


Login success
现在开始监听, 2022-05-08 15:00:35
{'Attributes': 'Error'}


Login success
Group created successfully
现在开始监听, 2022-05-08 15:06:35
{'Attributes': 'Error'}


Login success
现在开始监听, 2022-05-08 15:09:18
{'Attributes': 'Error'}


Login success
现在开始监听, 2022-05-08 15:11:26
{'Attributes': 'Error'}


Login success
{"Attributes": "message", "time": "2022-05-08 15:11:47", "userId": "a", "friend": "\u65b0\u7684\u7528\u6237a\u5f20\u4e09", "mes_attrib": "people", "mes_content": "hello group"}


private message sent
{"Attributes": "message", "time": "2022-05-08 15:12:08", "userId": "\u5f20\u4e09", "friend": "\u65b0\u7684\u7528\u6237a\u5f20\u4e09", "mes_attrib": "people", "mes_content": "\u5927\u5bb6\u597d\u5440"}


{"Attributes": "message", "time": "2022-05-08 15:12:16", "userId": "a", "friend": "\u65b0\u7684\u7528\u6237a\u5f20\u4e09", "mes_attrib": "people", "mes_content": "hi"}


private message sent
{"Attributes": "message", "time": "2022-05-08 15:12:35", "userId": "\u5f20\u4e09", "friend": "\u65b0\u7684\u7528\u6237a\u5f20\u4e09", "mes_attrib": "people", "mes_content": "\u54c8\u54c8\u54c8\u54c8"}


{"Attributes": "message", "time": "2022-05-08 15:12:53", "userId": "a", "friend": "\u65b0\u7684\u7528\u6237a\u5f20\u4e09", "mes_attrib": "people", "mes_content": "\u554a\u554a\u554a"}


